{"/mypart/tmc/projects/gabby-predicate-tree/src/graph/GraphGeneric.ts": {"path":"/mypart/tmc/projects/gabby-predicate-tree/src/graph/GraphGeneric.ts","statementMap":{"0":{"start":{"line":25,"column":19},"end":{"line":25,"column":42}},"1":{"start":{"line":26,"column":10},"end":{"line":26,"column":32}},"2":{"start":{"line":28,"column":4},"end":{"line":28,"column":34}},"3":{"start":{"line":29,"column":4},"end":{"line":34,"column":6}},"4":{"start":{"line":39,"column":4},"end":{"line":39,"column":58}},"5":{"start":{"line":43,"column":4},"end":{"line":43,"column":14}},"6":{"start":{"line":47,"column":4},"end":{"line":47,"column":34}},"7":{"start":{"line":51,"column":23},"end":{"line":51,"column":51}},"8":{"start":{"line":52,"column":4},"end":{"line":54,"column":null}},"9":{"start":{"line":53,"column":6},"end":{"line":53,"column":31}},"10":{"start":{"line":55,"column":20},"end":{"line":55,"column":48}},"11":{"start":{"line":56,"column":24},"end":{"line":56,"column":70}},"12":{"start":{"line":57,"column":4},"end":{"line":62,"column":6}},"13":{"start":{"line":64,"column":4},"end":{"line":64,"column":23}},"14":{"start":{"line":72,"column":4},"end":{"line":72,"column":28}},"15":{"start":{"line":79,"column":4},"end":{"line":79,"column":62}},"16":{"start":{"line":88,"column":17},"end":{"line":88,"column":52}},"17":{"start":{"line":89,"column":4},"end":{"line":91,"column":null}},"18":{"start":{"line":90,"column":6},"end":{"line":90,"column":20}},"19":{"start":{"line":93,"column":4},"end":{"line":96,"column":null}},"20":{"start":{"line":95,"column":6},"end":{"line":95,"column":18}},"21":{"start":{"line":98,"column":4},"end":{"line":110,"column":null}},"22":{"start":{"line":99,"column":22},"end":{"line":99,"column":92}},"23":{"start":{"line":100,"column":25},"end":{"line":103,"column":36}},"24":{"start":{"line":105,"column":6},"end":{"line":107,"column":null}},"25":{"start":{"line":106,"column":8},"end":{"line":106,"column":64}},"26":{"start":{"line":109,"column":6},"end":{"line":109,"column":86}},"27":{"start":{"line":112,"column":4},"end":{"line":112,"column":60}},"28":{"start":{"line":116,"column":4},"end":{"line":116,"column":36}},"29":{"start":{"line":22,"column":0},"end":{"line":22,"column":13}}},"fnMap":{"0":{"name":"(anonymous_0)","decl":{"start":{"line":27,"column":2},"end":{"line":27,"column":14}},"loc":{"start":{"line":27,"column":44},"end":{"line":35,"column":3}}},"1":{"name":"(anonymous_1)","decl":{"start":{"line":37,"column":2},"end":{"line":37,"column":15}},"loc":{"start":{"line":37,"column":36},"end":{"line":37,"column":46}}},"2":{"name":"(anonymous_2)","decl":{"start":{"line":38,"column":2},"end":{"line":38,"column":7}},"loc":{"start":{"line":38,"column":28},"end":{"line":40,"column":3}}},"3":{"name":"(anonymous_3)","decl":{"start":{"line":42,"column":2},"end":{"line":42,"column":20}},"loc":{"start":{"line":42,"column":41},"end":{"line":44,"column":3}}},"4":{"name":"(anonymous_4)","decl":{"start":{"line":46,"column":2},"end":{"line":46,"column":12}},"loc":{"start":{"line":46,"column":27},"end":{"line":48,"column":3}}},"5":{"name":"(anonymous_5)","decl":{"start":{"line":50,"column":2},"end":{"line":50,"column":15}},"loc":{"start":{"line":50,"column":48},"end":{"line":65,"column":3}}},"6":{"name":"(anonymous_6)","decl":{"start":{"line":67,"column":2},"end":{"line":67,"column":12}},"loc":{"start":{"line":67,"column":50},"end":{"line":67,"column":60}}},"7":{"name":"(anonymous_7)","decl":{"start":{"line":69,"column":2},"end":{"line":69,"column":12}},"loc":{"start":{"line":69,"column":27},"end":{"line":69,"column":37}}},"8":{"name":"(anonymous_8)","decl":{"start":{"line":71,"column":2},"end":{"line":71,"column":6}},"loc":{"start":{"line":71,"column":16},"end":{"line":73,"column":3}}},"9":{"name":"(anonymous_9)","decl":{"start":{"line":75,"column":2},"end":{"line":75,"column":12}},"loc":{"start":{"line":75,"column":52},"end":{"line":75,"column":62}}},"10":{"name":"(anonymous_10)","decl":{"start":{"line":78,"column":12},"end":{"line":78,"column":21}},"loc":{"start":{"line":78,"column":36},"end":{"line":80,"column":3}}},"11":{"name":"(anonymous_11)","decl":{"start":{"line":83,"column":10},"end":{"line":83,"column":23}},"loc":{"start":{"line":86,"column":26},"end":{"line":113,"column":3}}},"12":{"name":"(anonymous_12)","decl":{"start":{"line":115,"column":10},"end":{"line":115,"column":20}},"loc":{"start":{"line":115,"column":20},"end":{"line":117,"column":3}}}},"branchMap":{"0":{"loc":{"start":{"line":52,"column":4},"end":{"line":54,"column":null}},"type":"if","locations":[{"start":{"line":52,"column":4},"end":{"line":54,"column":null}},{"start":{"line":52,"column":4},"end":{"line":54,"column":null}}]},"1":{"loc":{"start":{"line":85,"column":13},"end":{"line":85,"column":27}},"type":"default-arg","locations":[{"start":{"line":85,"column":13},"end":{"line":85,"column":27}}]},"2":{"loc":{"start":{"line":89,"column":4},"end":{"line":91,"column":null}},"type":"if","locations":[{"start":{"line":89,"column":4},"end":{"line":91,"column":null}},{"start":{"line":89,"column":4},"end":{"line":91,"column":null}}]},"3":{"loc":{"start":{"line":89,"column":8},"end":{"line":89,"column":25}},"type":"binary-expr","locations":[{"start":{"line":89,"column":8},"end":{"line":89,"column":25}},{"start":{"line":89,"column":29},"end":{"line":89,"column":61}}]},"4":{"loc":{"start":{"line":93,"column":4},"end":{"line":96,"column":null}},"type":"if","locations":[{"start":{"line":93,"column":4},"end":{"line":96,"column":null}},{"start":{"line":93,"column":4},"end":{"line":96,"column":null}}]},"5":{"loc":{"start":{"line":93,"column":8},"end":{"line":93,"column":25}},"type":"binary-expr","locations":[{"start":{"line":93,"column":8},"end":{"line":93,"column":25}},{"start":{"line":93,"column":29},"end":{"line":93,"column":61}}]},"6":{"loc":{"start":{"line":98,"column":4},"end":{"line":110,"column":null}},"type":"if","locations":[{"start":{"line":98,"column":4},"end":{"line":110,"column":null}},{"start":{"line":98,"column":4},"end":{"line":110,"column":null}}]},"7":{"loc":{"start":{"line":99,"column":22},"end":{"line":99,"column":75}},"type":"binary-expr","locations":[{"start":{"line":99,"column":22},"end":{"line":99,"column":75}},{"start":{"line":99,"column":79},"end":{"line":99,"column":92}}]},"8":{"loc":{"start":{"line":105,"column":6},"end":{"line":107,"column":null}},"type":"if","locations":[{"start":{"line":105,"column":6},"end":{"line":107,"column":null}},{"start":{"line":105,"column":6},"end":{"line":107,"column":null}}]},"9":{"loc":{"start":{"line":105,"column":10},"end":{"line":105,"column":34}},"type":"binary-expr","locations":[{"start":{"line":105,"column":10},"end":{"line":105,"column":34}},{"start":{"line":105,"column":38},"end":{"line":105,"column":67}}]}},"s":{"0":1,"1":1,"2":1,"3":1,"4":0,"5":0,"6":0,"7":8,"8":8,"9":3,"10":8,"11":8,"12":8,"13":8,"14":0,"15":17,"16":43,"17":43,"18":17,"19":26,"20":0,"21":26,"22":26,"23":26,"24":26,"25":0,"26":26,"27":0,"28":8,"29":1},"f":{"0":1,"1":0,"2":0,"3":0,"4":0,"5":8,"6":0,"7":0,"8":0,"9":0,"10":17,"11":43,"12":8},"b":{"0":[3,5],"1":[0],"2":[17,26],"3":[43,17],"4":[0,26],"5":[26,0],"6":[26,0],"7":[26,0],"8":[0,26],"9":[26,26]}}
,"/mypart/tmc/projects/gabby-predicate-tree/src/graph/index.ts": {"path":"/mypart/tmc/projects/gabby-predicate-tree/src/graph/index.ts","statementMap":{"0":{"start":{"line":1,"column":0},"end":{"line":1,"column":9}},"1":{"start":{"line":1,"column":9},"end":{"line":1,"column":46}}},"fnMap":{"0":{"name":"(anonymous_0)","decl":{"start":{"line":1,"column":9},"end":{"line":1,"column":21}},"loc":{"start":{"line":1,"column":9},"end":{"line":1,"column":46}}}},"branchMap":{},"s":{"0":0,"1":0},"f":{"0":0},"b":{}}
}
