TN:
SF:src/graph/GraphGeneric.ts
FN:27,(anonymous_0)
FN:37,(anonymous_1)
FN:38,(anonymous_2)
FN:42,(anonymous_3)
FN:46,(anonymous_4)
FN:50,(anonymous_5)
FN:67,(anonymous_6)
FN:69,(anonymous_7)
FN:71,(anonymous_8)
FN:75,(anonymous_9)
FN:78,(anonymous_10)
FN:83,(anonymous_11)
FN:115,(anonymous_12)
FNF:13
FNH:5
FNDA:1,(anonymous_0)
FNDA:0,(anonymous_1)
FNDA:0,(anonymous_2)
FNDA:0,(anonymous_3)
FNDA:0,(anonymous_4)
FNDA:8,(anonymous_5)
FNDA:0,(anonymous_6)
FNDA:0,(anonymous_7)
FNDA:0,(anonymous_8)
FNDA:0,(anonymous_9)
FNDA:17,(anonymous_10)
FNDA:43,(anonymous_11)
FNDA:8,(anonymous_12)
DA:22,1
DA:25,1
DA:26,1
DA:28,1
DA:29,1
DA:39,0
DA:43,0
DA:47,0
DA:51,8
DA:52,8
DA:53,3
DA:55,8
DA:56,8
DA:57,8
DA:64,8
DA:72,0
DA:79,17
DA:88,43
DA:89,43
DA:90,17
DA:93,26
DA:95,0
DA:98,26
DA:99,26
DA:100,26
DA:105,26
DA:106,0
DA:109,26
DA:112,0
DA:116,8
LF:30
LH:23
BRDA:52,0,0,3
BRDA:52,0,1,5
BRDA:85,1,0,0
BRDA:89,2,0,17
BRDA:89,2,1,26
BRDA:89,3,0,43
BRDA:89,3,1,17
BRDA:93,4,0,0
BRDA:93,4,1,26
BRDA:93,5,0,26
BRDA:93,5,1,0
BRDA:98,6,0,26
BRDA:98,6,1,0
BRDA:99,7,0,26
BRDA:99,7,1,0
BRDA:105,8,0,0
BRDA:105,8,1,26
BRDA:105,9,0,26
BRDA:105,9,1,26
BRF:19
BRH:13
end_of_record
TN:
SF:src/graph/index.ts
FN:1,(anonymous_0)
FNF:1
FNH:0
FNDA:0,(anonymous_0)
DA:1,0
LF:1
LH:0
BRF:0
BRH:0
end_of_record
